[2024-06-05T11:55:28.391+0000] {local_task_job_runner.py:120} INFO - ::group::Pre task execution logs
[2024-06-05T11:55:28.417+0000] {taskinstance.py:2076} INFO - Dependencies all met for dep_context=non-requeueable deps ti=<TaskInstance: xdag_id_1.query_the_table manual__2024-06-05T11:55:17.538407+00:00 [queued]>
[2024-06-05T11:55:28.427+0000] {taskinstance.py:2076} INFO - Dependencies all met for dep_context=requeueable deps ti=<TaskInstance: xdag_id_1.query_the_table manual__2024-06-05T11:55:17.538407+00:00 [queued]>
[2024-06-05T11:55:28.427+0000] {taskinstance.py:2306} INFO - Starting attempt 1 of 1
[2024-06-05T11:55:28.441+0000] {taskinstance.py:2330} INFO - Executing <Task(PythonOperator): query_the_table> on 2024-06-05 11:55:17.538407+00:00
[2024-06-05T11:55:28.448+0000] {warnings.py:110} WARNING - /home/***/.local/lib/python3.12/site-packages/***/task/task_runner/standard_task_runner.py:61: DeprecationWarning: This process (pid=3661) is multi-threaded, use of fork() may lead to deadlocks in the child.
  pid = os.fork()

[2024-06-05T11:55:28.450+0000] {standard_task_runner.py:63} INFO - Started process 3663 to run task
[2024-06-05T11:55:28.450+0000] {standard_task_runner.py:90} INFO - Running: ['***', 'tasks', 'run', 'xdag_id_1', 'query_the_table', 'manual__2024-06-05T11:55:17.538407+00:00', '--job-id', '448', '--raw', '--subdir', 'DAGS_FOLDER/jobs_dag.py', '--cfg-path', '/tmp/tmpoea53up8']
[2024-06-05T11:55:28.453+0000] {standard_task_runner.py:91} INFO - Job 448: Subtask query_the_table
[2024-06-05T11:55:28.504+0000] {task_command.py:426} INFO - Running <TaskInstance: xdag_id_1.query_the_table manual__2024-06-05T11:55:17.538407+00:00 [running]> on host db8c7b709f57
[2024-06-05T11:55:28.618+0000] {taskinstance.py:2648} INFO - Exporting env vars: AIRFLOW_CTX_DAG_OWNER='***' AIRFLOW_CTX_DAG_ID='xdag_id_1' AIRFLOW_CTX_TASK_ID='query_the_table' AIRFLOW_CTX_EXECUTION_DATE='2024-06-05T11:55:17.538407+00:00' AIRFLOW_CTX_TRY_NUMBER='1' AIRFLOW_CTX_DAG_RUN_ID='manual__2024-06-05T11:55:17.538407+00:00'
[2024-06-05T11:55:28.620+0000] {taskinstance.py:430} INFO - ::endgroup::
[2024-06-05T11:55:28.646+0000] {taskinstance.py:441} INFO - ::group::Post task execution logs
[2024-06-05T11:55:28.647+0000] {taskinstance.py:2905} ERROR - Task failed with exception
Traceback (most recent call last):
  File "/home/airflow/.local/lib/python3.12/site-packages/airflow/models/taskinstance.py", line 465, in _execute_task
    result = _execute_callable(context=context, **execute_callable_kwargs)
             ^^^^^^^^^^^^^^^^^^^^^^^^^^^^^^^^^^^^^^^^^^^^^^^^^^^^^^^^^^^^^
  File "/home/airflow/.local/lib/python3.12/site-packages/airflow/models/taskinstance.py", line 432, in _execute_callable
    return execute_callable(context=context, **execute_callable_kwargs)
           ^^^^^^^^^^^^^^^^^^^^^^^^^^^^^^^^^^^^^^^^^^^^^^^^^^^^^^^^^^^^
  File "/home/airflow/.local/lib/python3.12/site-packages/airflow/models/baseoperator.py", line 400, in wrapper
    return func(self, *args, **kwargs)
           ^^^^^^^^^^^^^^^^^^^^^^^^^^^
  File "/home/airflow/.local/lib/python3.12/site-packages/airflow/operators/python.py", line 235, in execute
    return_value = self.execute_callable()
                   ^^^^^^^^^^^^^^^^^^^^^^^
  File "/home/airflow/.local/lib/python3.12/site-packages/airflow/operators/python.py", line 252, in execute_callable
    return self.python_callable(*self.op_args, **self.op_kwargs)
           ^^^^^^^^^^^^^^^^^^^^^^^^^^^^^^^^^^^^^^^^^^^^^^^^^^^^^
  File "/opt/airflow/dags/jobs_dag.py", line 28, in send_message
    print(execution_date_str)
          ^^^^^^^^^^^^^^^^^^
NameError: name 'execution_date_str' is not defined. Did you mean: 'execution_date'?
[2024-06-05T11:55:28.660+0000] {taskinstance.py:1206} INFO - Marking task as FAILED. dag_id=xdag_id_1, task_id=query_the_table, run_id=manual__2024-06-05T11:55:17.538407+00:00, execution_date=20240605T115517, start_date=20240605T115528, end_date=20240605T115528
[2024-06-05T11:55:28.673+0000] {standard_task_runner.py:110} ERROR - Failed to execute job 448 for task query_the_table (name 'execution_date_str' is not defined; 3663)
[2024-06-05T11:55:28.715+0000] {local_task_job_runner.py:240} INFO - Task exited with return code 1
[2024-06-05T11:55:28.732+0000] {taskinstance.py:3498} INFO - 0 downstream tasks scheduled from follow-on schedule check
[2024-06-05T11:55:28.734+0000] {local_task_job_runner.py:222} INFO - ::endgroup::
